<?xml version="1.0" encoding="UTF-8"?>
<!-- Generated by org.testng.reporters.JUnitReportReporter -->
<testsuite skipped="0" hostname="RSI1525" name="br.com.rsi.hub.projetotdd.actions.RegisterExcel" tests="1" failures="0" timestamp="2020-01-17T15:45:47 BRT" time="33.263" errors="0">
  <testcase name="Execute" time="33.263" classname="br.com.rsi.hub.projetotdd.actions.RegisterExcel"/>
</testsuite> <!-- br.com.rsi.hub.projetotdd.actions.RegisterExcel -->
