<?xml version="1.0" encoding="UTF-8"?>
<!-- Generated by org.testng.reporters.JUnitReportReporter -->
<testsuite skipped="0" hostname="RSI1525" name="br.com.rsi.hub.projetotdd.pageobjects.SearchProductHome" tests="1" failures="0" timestamp="2020-01-20T12:05:04 BRT" time="21.904" errors="0">
  <testcase name="Execute" time="21.904" classname="br.com.rsi.hub.projetotdd.pageobjects.SearchProductHome"/>
</testsuite> <!-- br.com.rsi.hub.projetotdd.pageobjects.SearchProductHome -->
