<?xml version="1.0" encoding="UTF-8"?>
<!-- Generated by org.testng.reporters.JUnitReportReporter -->
<testsuite skipped="0" hostname="RSI1525" name="br.com.rsi.hub.projetotdd.page.actions.Register" tests="1" failures="0" timestamp="2020-01-17T15:35:55 BRT" time="21.479" errors="0">
  <testcase name="register" time="21.479" classname="br.com.rsi.hub.projetotdd.page.actions.Register"/>
</testsuite> <!-- br.com.rsi.hub.projetotdd.page.actions.Register -->
